<?xml version="1.0" encoding="UTF-8"?>
<!-- Generated by org.testng.reporters.JUnitReportReporter -->
<testsuite hostname="LAPTOP-1N3TH4EI" failures="0" tests="6" name="seleniumPractice.Parallel_Excution_Classes" time="140.376" errors="0" timestamp="2023-12-25T15:49:59 IST" skipped="0">
  <testcase classname="seleniumPractice.Parallel_Excution_Classes" name="login" time="14.663"/>
  <system-out/>
  <testcase classname="seleniumPractice.Parallel_Excution_Classes" name="login" time="14.170"/>
  <system-out/>
  <testcase classname="seleniumPractice.Parallel_Excution_Classes" name="Operation" time="70.233"/>
  <system-out/>
  <testcase classname="seleniumPractice.Parallel_Excution_Classes" name="Operation" time="8.410"/>
  <system-out/>
  <testcase classname="seleniumPractice.Parallel_Excution_Classes" name="logout" time="18.008"/>
  <system-out/>
  <testcase classname="seleniumPractice.Parallel_Excution_Classes" name="logout" time="14.892"/>
  <system-out/>
</testsuite> <!-- seleniumPractice.Parallel_Excution_Classes -->
