<?xml version="1.0" encoding="UTF-8"?>
<!-- Generated by org.testng.reporters.JUnitReportReporter -->
<testsuite hostname="LAPTOP-1N3TH4EI" failures="0" tests="3" name="seleniumPractice.ITestContextLearning" time="0.007" errors="0" timestamp="2023-12-22T15:37:31 IST" skipped="0">
  <testcase classname="seleniumPractice.ITestContextLearning" name="SwitchOn" time="0.002"/>
  <system-out/>
  <testcase classname="seleniumPractice.ITestContextLearning" name="Operating" time="0.004"/>
  <system-out/>
  <testcase classname="seleniumPractice.ITestContextLearning" name="SwitchOff" time="0.001"/>
  <system-out/>
</testsuite> <!-- seleniumPractice.ITestContextLearning -->
