<?xml version="1.0" encoding="UTF-8"?>
<!-- Generated by org.testng.reporters.JUnitReportReporter -->
<testsuite hostname="LAPTOP-1N3TH4EI" failures="0" tests="3" name="seleniumPractice.DataProviderConcepts" time="0.026" errors="0" timestamp="2024-01-09T09:26:14 IST" skipped="0">
  <testcase classname="seleniumPractice.DataProviderConcepts" name="RegisteringNewUser" time="0.002"/>
  <system-out/>
  <testcase classname="seleniumPractice.DataProviderConcepts" name="RegisteringNewUser" time="0.009"/>
  <system-out/>
  <testcase classname="seleniumPractice.DataProviderConcepts" name="RegisteringNewUser" time="0.015"/>
  <system-out/>
</testsuite> <!-- seleniumPractice.DataProviderConcepts -->
