<?xml version="1.0" encoding="UTF-8"?>
<!-- Generated by org.testng.reporters.JUnitReportReporter -->
<testsuite hostname="LAPTOP-1N3TH4EI" failures="0" tests="1" name="seleniumPractice.Response_code" time="8.285" errors="0" timestamp="2023-12-25T15:49:59 IST" skipped="0">
  <testcase classname="seleniumPractice.Response_code" name="response_test" time="8.285"/>
  <system-out/>
</testsuite> <!-- seleniumPractice.Response_code -->
