<?xml version="1.0" encoding="UTF-8"?>
<!-- Generated by org.testng.reporters.JUnitReportReporter -->
<testsuite hostname="LAPTOP-1N3TH4EI" failures="0" tests="9" name="data_DataProvider.TestCasesForDataProvider" time="0.137" errors="0" timestamp="2024-02-05T23:41:17 IST" skipped="0">
  <testcase classname="data_DataProvider.TestCasesForDataProvider" name="RegisterUser" time="0.002"/>
  <system-out/>
  <testcase classname="data_DataProvider.TestCasesForDataProvider" name="addUser" time="0.004"/>
  <system-out/>
  <testcase classname="data_DataProvider.TestCasesForDataProvider" name="RegisterUser" time="0.003"/>
  <system-out/>
  <testcase classname="data_DataProvider.TestCasesForDataProvider" name="deleteUser" time="0.051"/>
  <system-out/>
  <testcase classname="data_DataProvider.TestCasesForDataProvider" name="addUser" time="0.015"/>
  <system-out/>
  <testcase classname="data_DataProvider.TestCasesForDataProvider" name="deleteUser" time="0.006"/>
  <system-out/>
  <testcase classname="data_DataProvider.TestCasesForDataProvider" name="deleteUser" time="0.012"/>
  <system-out/>
  <testcase classname="data_DataProvider.TestCasesForDataProvider" name="addUser" time="0.031"/>
  <system-out/>
  <testcase classname="data_DataProvider.TestCasesForDataProvider" name="RegisterUser" time="0.013"/>
  <system-out/>
</testsuite> <!-- data_DataProvider.TestCasesForDataProvider -->
