<?xml version="1.0" encoding="UTF-8"?>
<!-- Generated by org.testng.reporters.JUnitReportReporter -->
<testsuite hostname="LAPTOP-1N3TH4EI" failures="0" tests="6" name="seleniumPractice.Parallel_Execution_Method" time="18.653" errors="0" timestamp="2023-12-25T15:49:59 IST" skipped="0">
  <testcase classname="seleniumPractice.Parallel_Execution_Method" name="login" time="9.686"/>
  <system-out/>
  <testcase classname="seleniumPractice.Parallel_Execution_Method" name="login" time="8.958"/>
  <system-out/>
  <testcase classname="seleniumPractice.Parallel_Execution_Method" name="Operation" time="0.003"/>
  <system-out/>
  <testcase classname="seleniumPractice.Parallel_Execution_Method" name="Operation" time="0.003"/>
  <system-out/>
  <testcase classname="seleniumPractice.Parallel_Execution_Method" name="logout" time="0.002"/>
  <system-out/>
  <testcase classname="seleniumPractice.Parallel_Execution_Method" name="logout" time="0.001"/>
  <system-out/>
</testsuite> <!-- seleniumPractice.Parallel_Execution_Method -->
