<?xml version="1.0" encoding="UTF-8"?>
<!-- Generated by org.testng.reporters.JUnitReportReporter -->
<testsuite hostname="LAPTOP-1N3TH4EI" failures="0" tests="1" name="seleniumPractice.Response_code_onListOperation" time="24.596" errors="0" timestamp="2024-02-29T13:57:23 IST" skipped="0">
  <testcase classname="seleniumPractice.Response_code_onListOperation" name="response_on_list" time="24.596"/>
  <system-out/>
</testsuite> <!-- seleniumPractice.Response_code_onListOperation -->
