<?xml version="1.0" encoding="UTF-8"?>
<!-- Generated by org.testng.reporters.JUnitReportReporter -->
<testsuite hostname="LAPTOP-1N3TH4EI" failures="0" tests="4" name="seleniumPractice.Groups_concepts" time="0.031" errors="0" timestamp="2023-12-23T18:42:40 IST" skipped="0">
  <testcase classname="seleniumPractice.Groups_concepts" name="testCaseNo2" time="0.003"/>
  <system-out/>
  <testcase classname="seleniumPractice.Groups_concepts" name="testCaseNo1" time="0.023"/>
  <system-out/>
  <testcase classname="seleniumPractice.Groups_concepts" name="testCaseNo4" time="0.003"/>
  <system-out/>
  <testcase classname="seleniumPractice.Groups_concepts" name="testCaseNo5" time="0.002"/>
  <system-out/>
</testsuite> <!-- seleniumPractice.Groups_concepts -->
